| Username/Namespace                  | POD Name                                                | Age       
------------------------------------------------------------------------------------------------------
| s-jain-training-1                   | test-0                                                  | 5h10m     
| s-jain-training-10                  | test-0                                                  | 5h9m      
| s-jain-training-11                  | test-0                                                  | 5h10m     
| s-jain-training-12                  | test-0                                                  | 5h9m      
| s-jain-training-13                  | pks-1-0                                                 | 5h10m     
| s-jain-training-15                  | test-0                                                  | 5h10m     
| s-jain-training-16                  | test-0                                                  | 5h9m      
| s-jain-training-17                  | day1-test-0                                             | 5h10m     
| s-jain-training-18                  | test-0                                                  | 5h10m     
| s-jain-training-19                  | test-0                                                  | 5h10m     
| s-jain-training-10                  | test-0                                                  | 5h9m      
| s-jain-training-11                  | test-0                                                  | 5h10m     
| s-jain-training-12                  | test-0                                                  | 5h9m      
| s-jain-training-13                  | pks-1-0                                                 | 5h10m     
| s-jain-training-15                  | test-0                                                  | 5h10m     
| s-jain-training-16                  | test-0                                                  | 5h9m      
| s-jain-training-17                  | day1-test-0                                             | 5h10m     
| s-jain-training-18                  | test-0                                                  | 5h10m     
| s-jain-training-19                  | test-0                                                  | 5h10m     
| s-jain-training-2                   | test-0                                                  | 5h10m     
| s-jain-training-20                  | test-0                                                  | 5h10m     
| s-jain-training-21                  | test-0                                                  | 5h9m      
| s-jain-training-22                  | text-0                                                  | 4h48m     
| s-jain-training-20                  | test-0                                                  | 5h10m     
| s-jain-training-21                  | test-0                                                  | 5h9m      
| s-jain-training-22                  | text-0                                                  | 4h48m     
| s-jain-training-4                   | test-0                                                  | 5h10m     
| s-jain-training-6                   | test-0                                                  | 5h10m     
| s-jain-training-7                   | test-1-0                                                | 5h10m     
| s-jain-training-8                   | test-0                                                  | 5h10m     
| s-jain-training-9                   | test-0                                                  | 5h9m      
