| Username/Namespace                  | POD Name                                                | Age       
------------------------------------------------------------------------------------------------------
| f-gi-aiml-1                         | bert-0                                                  | 156m      
| s-jain-training-10                  | project4daypart2-0                                      | 154m      
| s-jain-training-11                  | hugvp-0                                                 | 154m      
| s-jain-training-12                  | kajukaju-0                                              | 154m      
| s-jain-training-13                  | day4-1-0                                                | 154m      
| s-jain-training-15                  | audiorouting-0                                          | 156m      
| s-jain-training-17                  | day4test2-0                                             | 154m      
| s-jain-training-18                  | day4a-0                                                 | 155m      
| s-jain-training-19                  | day4april-0                                             | 155m      
| s-jain-training-1                   | test-0                                                  | 156m      
| s-jain-training-21                  | fixme-0                                                 | 153m      
| s-jain-training-22                  | image4-0                                                | 155m      
| s-jain-training-23                  | day4-0                                                  | 155m      
| s-jain-training-2                   | test-0                                                  | 155m      
| s-jain-training-30                  | noebook5-0                                              | 3h15m     
| s-jain-training-3                   | day4-12pm-0                                             | 155m      
| s-jain-training-4                   | day4llmnotebook-0                                       | 155m      
| s-jain-training-5                   | test-0                                                  | 154m      
| s-jain-training-6                   | test4-0                                                 | 155m      
| s-jain-training-7                   | test7-0                                                 | 139m      
| s-jain-training-8                   | test7-0                                                 | 154m      
| s-jain-training-9                   | test-0                                                  | 155m      
