>>>>>>>>>>>>>>>>>>>>>>>>>>>>>>>>>>>>>>>>>>>>>>>>>>>>>> Detailed Description <<<<<<<<<<<<<<<<<<<<<<<<<<<<<<<<<<<<<<<<<<<<<<<<<<<<<<
+ ----------------------------------------------------------------------------------------------------------------------------- +
| Date           | Time           | Namespace                                | Pod Name                                          |
| ------------------------------------------------------------------------------------------------------------------------------ |
| 2025-04-18     | 08:22:35       | f-jain-aiml-1234                         | test1-0                                           |
| 2025-04-18     | 08:31:11       | f-jain-aiml-1234                         | test123-0                                         |
| 2025-04-18     | 08:53:53       | f-jain-aiml-7080                         | test1-0                                           |
| 2025-04-18     | 11:18:43       | f-jain-it-7080                           | test1-0                                           |
| 2025-04-18     | 11:19:22       | s-jain-it-1212                           | test-0                                            |
| 2025-04-18     | 11:22:18       | f-jain-dc-9                              | santosh1-book-0                                   |
| 2025-04-18     | 11:40:49       | f-jain-dc-9                              | santoshtestbook-0                                 |
| 2025-04-19     | 05:05:48       | s-jain-training-25                       | test-0                                            |
| 2025-04-19     | 05:30:38       | s-jain-training-30                       | test-0                                            |
| 2025-04-19     | 05:30:38       | s-jain-training-4                        | test-0                                            |
| 2025-04-19     | 05:30:40       | s-jain-training-18                       | test-0                                            |
| 2025-04-19     | 05:30:42       | s-jain-training-6                        | test-0                                            |
| 2025-04-19     | 05:30:43       | s-jain-training-7                        | test-1-0                                          |
| 2025-04-19     | 05:30:43       | s-jain-training-19                       | test-0                                            |
| 2025-04-19     | 05:30:44       | s-jain-training-2                        | test-0                                            |
| 2025-04-19     | 05:30:44       | s-jain-training-20                       | test-0                                            |
| 2025-04-19     | 05:30:44       | s-jain-training-3                        | test-0                                            |
| 2025-04-19     | 05:30:45       | s-jain-training-13                       | pks-1-0                                           |
| 2025-04-19     | 05:30:47       | s-jain-training-17                       | day1-test-0                                       |
| 2025-04-19     | 05:30:51       | s-jain-training-1                        | test-0                                            |
| 2025-04-19     | 05:30:52       | s-jain-training-8                        | test-0                                            |
| 2025-04-19     | 05:30:53       | s-jain-training-15                       | test-0                                            |
| 2025-04-19     | 05:31:12       | s-jain-training-11                       | test-0                                            |
| 2025-04-19     | 05:31:16       | s-jain-training-16                       | test-0                                            |
| 2025-04-19     | 05:31:16       | s-jain-training-12                       | test-0                                            |
| 2025-04-19     | 05:31:18       | s-jain-training-9                        | test-0                                            |
| 2025-04-19     | 05:31:20       | s-jain-training-10                       | test-0                                            |
| 2025-04-19     | 05:31:52       | s-jain-training-21                       | test-0                                            |
| 2025-04-19     | 05:53:07       | s-jain-training-22                       | text-0                                            |
| 2025-04-19     | 08:03:05       | f-gi-aiml-1234                           | test-0                                            |
| 2025-04-19     | 10:39:05       | f-gi-aiml-1234                           | testjupytor-0                                     |
+ ------------------------------------------------------------------------------------------------------------------------------ +

>>>>>>>>>>>>>>>>>>>>>>>>>>>>>>>>> Summary <<<<<<<<<<<<<<<<<<<<<<<<<<<<<<<<
+ ---------------------------------------------------------------------- +
| Date           | Namespace                                | Pod Count  |
| ---------------------------------------------------------------------- |
| 2025-04-18     | f-jain-aiml-1234                         | 2          |
| 2025-04-18     | f-jain-aiml-1234                         | 2          |
| 2025-04-18     | f-jain-aiml-7080                         | 1          |
| 2025-04-18     | f-jain-it-7080                           | 1          |
| 2025-04-18     | s-jain-it-1212                           | 1          |
| 2025-04-18     | f-jain-dc-9                              | 2          |
| 2025-04-18     | f-jain-dc-9                              | 2          |
| 2025-04-19     | s-jain-training-25                       | 1          |
| 2025-04-19     | s-jain-training-30                       | 1          |
| 2025-04-19     | s-jain-training-4                        | 1          |
| 2025-04-19     | s-jain-training-18                       | 1          |
| 2025-04-19     | s-jain-training-6                        | 1          |
| 2025-04-19     | s-jain-training-7                        | 1          |
| 2025-04-19     | s-jain-training-19                       | 1          |
| 2025-04-19     | s-jain-training-2                        | 1          |
| 2025-04-19     | s-jain-training-20                       | 1          |
| 2025-04-19     | s-jain-training-3                        | 1          |
| 2025-04-19     | s-jain-training-13                       | 1          |
| 2025-04-19     | s-jain-training-17                       | 1          |
| 2025-04-19     | s-jain-training-1                        | 1          |
| 2025-04-19     | s-jain-training-8                        | 1          |
| 2025-04-19     | s-jain-training-15                       | 1          |
| 2025-04-19     | s-jain-training-11                       | 1          |
| 2025-04-19     | s-jain-training-16                       | 1          |
| 2025-04-19     | s-jain-training-12                       | 1          |
| 2025-04-19     | s-jain-training-9                        | 1          |
| 2025-04-19     | s-jain-training-10                       | 1          |
| 2025-04-19     | s-jain-training-21                       | 1          |
| 2025-04-19     | s-jain-training-22                       | 1          |
| 2025-04-19     | f-gi-aiml-1234                           | 2          |
| 2025-04-19     | f-gi-aiml-1234                           | 2          |
+ ---------------------------------------------------------------------- +
