>>>>>>>>>>>>>>>>>>>>>>>>>>>>>>>>>>>>>>>>>>>>>>>>>>>>>> Detailed Description <<<<<<<<<<<<<<<<<<<<<<<<<<<<<<<<<<<<<<<<<<<<<<<<<<<<<<
+ ----------------------------------------------------------------------------------------------------------------------------- +
| Date           | Time           | Namespace                                | Pod Name                                          |
| ------------------------------------------------------------------------------------------------------------------------------ |
| 2025-04-20     |  00:41:43      |  f-gi-aiml-12                            |  test1-0                                          |
| 2025-04-20     |  07:00:30      |  f-gi-aiml-1                             |  test-0                                           |
| 2025-04-20     |  07:00:30      |  s-jain-training-15                      |  viraj55-0                                        |
| 2025-04-20     |  07:00:30      |  s-jain-training-1                       |  test-0                                           |
| 2025-04-20     |  07:00:31      |  s-jain-training-12                      |  test-0                                           |
| 2025-04-20     |  07:00:31      |  s-jain-training-4                       |  test20apr-0                                      |
| 2025-04-20     |  07:00:33      |  s-jain-training-2                       |  test-0                                           |
| 2025-04-20     |  07:00:34      |  s-jain-training-18                      |  day2-0                                           |
| 2025-04-20     |  07:00:34      |  s-jain-training-3                       |  jgi22-0                                          |
| 2025-04-20     |  07:00:35      |  s-jain-training-16                      |  sachin1-0                                        |
| 2025-04-20     |  07:00:35      |  s-jain-training-22                      |  day2-0                                           |
| 2025-04-20     |  07:00:35      |  s-jain-training-17                      |  testday2-0                                       |
| 2025-04-20     |  07:00:35      |  s-jain-training-23                      |  mahesh-0                                         |
| 2025-04-20     |  07:00:36      |  s-jain-training-7                       |  test-0                                           |
| 2025-04-20     |  07:00:36      |  s-jain-training-6                       |  newproject-0                                     |
| 2025-04-20     |  07:00:36      |  s-jain-training-10                      |  projectday2-0                                    |
| 2025-04-20     |  07:00:37      |  s-jain-training-11                      |  test-0                                           |
| 2025-04-20     |  07:00:37      |  s-jain-training-9                       |  test-0                                           |
| 2025-04-20     |  07:00:40      |  s-jain-training-19                      |  chicken-2-0                                      |
| 2025-04-20     |  07:00:41      |  s-jain-training-21                      |  jitdchicken1-0                                   |
| 2025-04-20     |  07:00:59      |  s-jain-training-8                       |  test-0                                           |
| 2025-04-20     |  07:01:02      |  s-jain-training-13                      |  testaiml-0                                       |
| 2025-04-20     |  07:07:36      |  s-jain-training-30                      |  suraj-0                                          |
| 2025-04-20     |  07:08:57      |  s-jain-training-5                       |  newproject-0                                     |
| 2025-04-20     |  11:12:56      |  f-gi-aiml-12                            |  test-0                                           |
| 2025-04-20     |  13:39:27      |  f-gi-aiml-1                             |  test123-0                                        |
| 2025-04-20     |  13:53:56      |  f-gi-aiml-1                             |  test1234-0                                       |
| 2025-04-20     |  13:59:13      |  f-gi-aiml-1                             |  test12345-0                                      |
| 2025-04-20     |  14:12:49      |  f-gi-aiml-1234                          |  tesnsorrtllm-0                                   |
| 2025-04-20     |  17:58:26      |  f-gi-aiml-1                             |  test1-0                                          |
| 2025-04-20     |  18:08:11      |  f-gi-aiml-1234                          |  deepstreamtest-0                                 |
| 2025-04-20     |  18:30:36      |  f-gi-aiml-1                             |  triton-0                                         |
| 2025-04-20     |  18:49:10      |  f-gi-aiml-1                             |  tis-0                                            |
| 2025-04-20     |  18:51:25      |  f-gi-aiml-1                             |  tis1-0                                           |
| 2025-04-20     |  19:16:51      |  f-gi-aiml-1                             |  new1-0                                           |
| 2025-04-21     |  03:55:30      |  f-gi-aiml-1                             |  new1-0                                           |
+ ------------------------------------------------------------------------------------------------------------------------------ +

>>>>>>>>>>>>>>>>>>>>>>>>>>>>>>>>> Summary <<<<<<<<<<<<<<<<<<<<<<<<<<<<<<<<
+ ---------------------------------------------------------------------- +
| Date           | Namespace                                | Pod Count  |
| ---------------------------------------------------------------------- |
| 2025-04-20     |  f-gi-aiml-12                            | 2          |
| 2025-04-20     |  f-gi-aiml-1                             | 9          |
| 2025-04-20     |  s-jain-training-15                      | 1          |
| 2025-04-20     |  s-jain-training-1                       | 1          |
| 2025-04-20     |  s-jain-training-12                      | 1          |
| 2025-04-20     |  s-jain-training-4                       | 1          |
| 2025-04-20     |  s-jain-training-2                       | 1          |
| 2025-04-20     |  s-jain-training-18                      | 1          |
| 2025-04-20     |  s-jain-training-3                       | 1          |
| 2025-04-20     |  s-jain-training-16                      | 1          |
| 2025-04-20     |  s-jain-training-22                      | 1          |
| 2025-04-20     |  s-jain-training-17                      | 1          |
| 2025-04-20     |  s-jain-training-23                      | 1          |
| 2025-04-20     |  s-jain-training-7                       | 1          |
| 2025-04-20     |  s-jain-training-6                       | 1          |
| 2025-04-20     |  s-jain-training-10                      | 1          |
| 2025-04-20     |  s-jain-training-11                      | 1          |
| 2025-04-20     |  s-jain-training-9                       | 1          |
| 2025-04-20     |  s-jain-training-19                      | 1          |
| 2025-04-20     |  s-jain-training-21                      | 1          |
| 2025-04-20     |  s-jain-training-8                       | 1          |
| 2025-04-20     |  s-jain-training-13                      | 1          |
| 2025-04-20     |  s-jain-training-30                      | 1          |
| 2025-04-20     |  s-jain-training-5                       | 1          |
| 2025-04-20     |  f-gi-aiml-1234                          | 2          |
| 2025-04-21     |  f-gi-aiml-1                             | 1          |
+ ---------------------------------------------------------------------- +
